d:\게임프로그래밍\김현수\dx_supermario\debug\vc142.pdb
d:\게임프로그래밍\김현수\dx_supermario\debug\vc142.idb
d:\게임프로그래밍\김현수\dx_supermario\debug\supermariotutorialscene.obj
d:\게임프로그래밍\김현수\dx_supermario\debug\imagescene.obj
d:\게임프로그래밍\김현수\dx_supermario\debug\cloudblock.obj
d:\게임프로그래밍\김현수\dx_supermario\debug\rectuv.obj
d:\게임프로그래밍\김현수\dx_supermario\debug\quad.obj
d:\게임프로그래밍\김현수\dx_supermario\debug\dx_startup.obj
d:\게임프로그래밍\김현수\dx_supermario\debug\timer.obj
d:\게임프로그래밍\김현수\dx_supermario\debug\control.obj
d:\게임프로그래밍\김현수\dx_supermario\debug\device.obj
d:\게임프로그래밍\김현수\dx_supermario\debug\vertexshader.obj
d:\게임프로그래밍\김현수\dx_supermario\debug\pixelshader.obj
d:\게임프로그래밍\김현수\dx_supermario\debug\texture.obj
d:\게임프로그래밍\김현수\dx_supermario\debug\frame.obj
d:\게임프로그래밍\김현수\dx_supermario\debug\clip.obj
d:\게임프로그래밍\김현수\dx_supermario\debug\vector2.obj
d:\게임프로그래밍\김현수\dx_supermario\debug\transform.obj
d:\게임프로그래밍\김현수\dx_supermario\debug\environment.obj
d:\게임프로그래밍\김현수\dx_supermario\debug\camera.obj
d:\게임프로그래밍\김현수\dx_supermario\debug\rectcollider.obj
d:\게임프로그래밍\김현수\dx_supermario\debug\collider.obj
d:\게임프로그래밍\김현수\dx_supermario\debug\circlecollider.obj
d:\게임프로그래밍\김현수\dx_supermario\debug\vertexbuffer.obj
d:\게임프로그래밍\김현수\dx_supermario\debug\indexbuffer.obj
d:\게임프로그래밍\김현수\dx_supermario\debug\constbuffer.obj
d:\게임프로그래밍\김현수\dx_supermario\debug\collisionscene.obj
d:\게임프로그래밍\김현수\dx_supermario\debug\animatescene.obj
d:\게임프로그래밍\김현수\dx_supermario\debug\program.obj
d:\게임프로그래밍\김현수\dx_supermario\debug\ground.obj
d:\게임프로그래밍\김현수\dx_supermario\debug\player.obj
d:\게임프로그래밍\김현수\dx_supermario\debug\groundbackground.obj
d:\게임프로그래밍\김현수\dx_supermario\debug\background.obj
d:\게임프로그래밍\김현수\dx_supermario\debug\scrollingbg.obj
d:\게임프로그래밍\김현수\dx_supermario\debug\newtriangle.obj
d:\게임프로그래밍\김현수\dx_supermario\debug\newcircle.obj
d:\게임프로그래밍\김현수\dx_supermario\debug\missile.obj
d:\게임프로그래밍\김현수\dx_supermario\debug\imagerect.obj
d:\게임프로그래밍\김현수\dx_supermario\debug\platform.obj
d:\게임프로그래밍\김현수\dx_supermario\debug\animateplayer.obj
d:\게임프로그래밍\김현수\dx_supermario\debug\shape.obj
d:\게임프로그래밍\김현수\dx_supermario\debug\srttriangle.obj
d:\게임프로그래밍\김현수\dx_supermario\debug\srtcircle.obj
d:\게임프로그래밍\김현수\dx_supermario\debug\srtscene.obj
d:\게임프로그래밍\김현수\dx_supermario\debug\monster.obj
d:\게임프로그래밍\김현수\dx_supermario\debug\dx_supermario.pch
d:\게임프로그래밍\김현수\dx_supermario\debug\framework.obj
d:\게임프로그래밍\김현수\dx_supermario\debug\topography.obj
d:\게임프로그래밍\김현수\dx_supermario\debug\pixelpos.cso
d:\게임프로그래밍\김현수\dx_supermario\debug\pixelshader.cso
d:\게임프로그래밍\김현수\dx_supermario\debug\pixeluv.cso
d:\게임프로그래밍\김현수\dx_supermario\debug\vertexshader.cso
d:\게임프로그래밍\김현수\dx_supermario\debug\vertexpos.cso
d:\게임프로그래밍\김현수\dx_supermario\debug\vertexuv.cso
d:\게임프로그래밍\김현수\dx_supermario\debug\dx_supermario.exe
d:\게임프로그래밍\김현수\dx_supermario\debug\dx_supermario.ilk
d:\게임프로그래밍\김현수\dx_supermario\debug\dx_supermario.pdb
d:\게임프로그래밍\김현수\dx_supermario\debug\dx_startup.res
d:\게임프로그래밍\김현수\dx_supermario\debug\player.obj.enc
d:\게임프로그래밍\김현수\dx_supermario\debug\supermariotutorialscene.obj.enc
d:\게임프로그래밍\김현수\dx_supermario\debug\imgui.idb
d:\게임프로그래밍\김현수\dx_supermario\debug\imgui.pdb
d:\게임프로그래밍\김현수\dx_supermario\debug\dx_supermario.tlog\cl.command.1.tlog
d:\게임프로그래밍\김현수\dx_supermario\debug\dx_supermario.tlog\cl.read.1.tlog
d:\게임프로그래밍\김현수\dx_supermario\debug\dx_supermario.tlog\cl.write.1.tlog
d:\게임프로그래밍\김현수\dx_supermario\debug\dx_supermario.tlog\fxc.command.1.tlog
d:\게임프로그래밍\김현수\dx_supermario\debug\dx_supermario.tlog\fxc.read.1.tlog
d:\게임프로그래밍\김현수\dx_supermario\debug\dx_supermario.tlog\fxc.write.1.tlog
d:\게임프로그래밍\김현수\dx_supermario\debug\dx_supermario.tlog\link.command.1.tlog
d:\게임프로그래밍\김현수\dx_supermario\debug\dx_supermario.tlog\link.read.1.tlog
d:\게임프로그래밍\김현수\dx_supermario\debug\dx_supermario.tlog\link.write.1.tlog
d:\게임프로그래밍\김현수\dx_supermario\debug\dx_supermario.tlog\rc.command.1.tlog
d:\게임프로그래밍\김현수\dx_supermario\debug\dx_supermario.tlog\rc.read.1.tlog
d:\게임프로그래밍\김현수\dx_supermario\debug\dx_supermario.tlog\rc.write.1.tlog
